<?xml version="1.0" encoding="UTF-8"?>
<!-- Generated by org.testng.reporters.JUnitReportReporter -->
<testsuite hostname="PIS058" name="lastPkg.LastClass" tests="1" failures="0" timestamp="14 Jul 2016 10:15:35 GMT" time="127.250" errors="0">
  <testcase name="lastMet" time="127.250" classname="lastPkg.LastClass"/>
</testsuite> <!-- lastPkg.LastClass -->
