<?xml version="1.0" encoding="UTF-8"?>
<!-- Generated by org.testng.reporters.JUnitReportReporter -->
<testsuite hostname="AmitSharma-PC" name="testCases.EntityActivityTestcase" tests="1" failures="0" timestamp="21 Jul 2016 18:05:50 GMT" time="76.869" errors="0">
  <testcase name="entityActivitymet" time="76.869" classname="testCases.EntityActivityTestcase"/>
</testsuite> <!-- testCases.EntityActivityTestcase -->
