<?xml version="1.0" encoding="UTF-8"?>
<!-- Generated by org.testng.reporters.JUnitReportReporter -->
<testsuite hostname="AmitSharma-PC" name="testCases.SyncUSERTestCase" tests="1" failures="0" timestamp="27 Jul 2016 16:57:37 GMT" time="211.372" errors="0">
  <testcase name="synxAdditionalNumbermet" time="211.372" classname="testCases.SyncUSERTestCase"/>
</testsuite> <!-- testCases.SyncUSERTestCase -->
