<?xml version="1.0" encoding="UTF-8"?>
<!-- Generated by org.testng.reporters.JUnitReportReporter -->
<testsuite hostname="AmitSharma-PC" name="testCases.LoginTestCase" tests="1" failures="0" timestamp="24 Jul 2016 07:12:53 GMT" time="33.442" errors="0">
  <testcase name="loginMet" time="33.442" classname="testCases.LoginTestCase"/>
</testsuite> <!-- testCases.LoginTestCase -->
