<?xml version="1.0" encoding="UTF-8"?>
<!-- Generated by org.testng.reporters.JUnitReportReporter -->
<testsuite hostname="AmitSharma-PC" name="testCases.SynchronizedTabTestcase" tests="1" failures="0" timestamp="21 Jul 2016 17:50:41 GMT" time="77.955" errors="0">
  <testcase name="clickonentityArea" time="77.955" classname="testCases.SynchronizedTabTestcase"/>
</testsuite> <!-- testCases.SynchronizedTabTestcase -->
