<?xml version="1.0" encoding="UTF-8"?>
<!-- Generated by org.testng.reporters.JUnitReportReporter -->
<testsuite hostname="AmitSharma-PC" name="testCases.SelectAppTestCase" tests="1" failures="0" timestamp="20 Jul 2016 17:56:34 GMT" time="54.431" errors="0">
  <testcase name="audienceBuilder" time="54.431" classname="testCases.SelectAppTestCase"/>
</testsuite> <!-- testCases.SelectAppTestCase -->
